<?xml version="1.0" encoding="UTF-8"?>
<!-- Generated by org.testng.reporters.JUnitXMLReporter -->
<testsuite ignored="0" hostname="LAPTOP-GJFA8BNB" failures="0" tests="5" name="chromeTest" time="105.544" errors="0" timestamp="2023-10-30T22:55:47 IST">
  <testcase classname="fullcreative.HomePage" name="storyTitle" time="3.623"/>
  <testcase classname="fullcreative.HomePage" name="article" time="0.169"/>
  <testcase classname="fullcreative.HomePage" name="leaders" time="0.126"/>
  <testcase classname="fullcreative.ToolsPage" name="toolsApp" time="53.62"/>
  <testcase classname="fullcreative.JoinUsPage" name="searchJob" time="26.671"/>
</testsuite> <!-- chromeTest -->
