<?xml version="1.0" encoding="UTF-8"?>
<!-- Generated by org.testng.reporters.JUnitXMLReporter -->
<testsuite ignored="0" hostname="LAPTOP-GJFA8BNB" failures="0" tests="5" name="firefoxTest" time="182.532" errors="0" timestamp="2023-10-30T19:00:15 IST">
  <testcase classname="fullcreative.HomePage" name="test1" time="18.13"/>
  <testcase classname="fullcreative.HomePage" name="test2" time="0.347"/>
  <testcase classname="fullcreative.HomePage" name="test3" time="0.066"/>
  <testcase classname="fullcreative.ToolsPage" name="testTools" time="50.866"/>
  <testcase classname="fullcreative.JoinUsPage" name="searchJob" time="0.0">
    <skipped/>
  </testcase> <!-- searchJob -->
</testsuite> <!-- firefoxTest -->
