<?xml version="1.0" encoding="UTF-8"?>
<!-- Generated by org.testng.reporters.JUnitXMLReporter -->
<testsuite ignored="0" hostname="LAPTOP-GJFA8BNB" failures="1" tests="5" name="Test" time="96.773" errors="0" timestamp="2023-10-29T13:11:27 IST">
  <testcase classname="fullcreative.JoinUsPage" name="searchJob" time="15.5"/>
  <testcase classname="fullcreative.HomePage" name="test1" time="2.646"/>
  <testcase classname="fullcreative.HomePage" name="test2" time="0.093"/>
  <testcase classname="fullcreative.HomePage" name="test3" time="10.098">
    <failure type="java.lang.AssertionError" message="[Michel Payne is not displayed]">
      <![CDATA[java.lang.AssertionError: [Michel Payne is not displayed]
at fullcreative.HomePage.test3(HomePage.java:93)
at java.base/java.util.ArrayList.forEach(ArrayList.java:1511)
... Removed 28 stack frames]]>
    </failure>
  </testcase> <!-- test3 -->
  <testcase classname="fullcreative.ToolsPage" name="testTools" time="51.797"/>
</testsuite> <!-- Test -->
