<?xml version="1.0" encoding="UTF-8"?>
<!-- Generated by org.testng.reporters.JUnitXMLReporter -->
<testsuite ignored="0" hostname="LAPTOP-GJFA8BNB" failures="0" tests="5" name="chromeTest" time="97.497" errors="0" timestamp="2023-10-30T23:03:07 IST">
  <testcase classname="fullcreative.HomePage" name="storyTitle" time="4.462"/>
  <testcase classname="fullcreative.HomePage" name="article" time="0.173"/>
  <testcase classname="fullcreative.HomePage" name="leaders" time="0.121"/>
  <testcase classname="fullcreative.ToolsPage" name="toolsApp" time="58.051"/>
  <testcase classname="fullcreative.JoinUsPage" name="searchJob" time="18.226"/>
</testsuite> <!-- chromeTest -->
