<?xml version="1.0" encoding="UTF-8"?>
<!-- Generated by org.testng.reporters.JUnitXMLReporter -->
<testsuite ignored="0" hostname="LAPTOP-GJFA8BNB" failures="0" tests="5" name="edgeTest" time="139.736" errors="0" timestamp="2023-10-30T22:46:39 IST">
  <testcase classname="fullcreative.HomePage" name="storyTitle" time="7.476"/>
  <testcase classname="fullcreative.HomePage" name="article" time="0.197"/>
  <testcase classname="fullcreative.HomePage" name="leaders" time="0.113"/>
  <testcase classname="fullcreative.ToolsPage" name="toolsApp" time="62.608"/>
  <testcase classname="fullcreative.JoinUsPage" name="searchJob" time="45.452"/>
</testsuite> <!-- edgeTest -->
