<?xml version="1.0" encoding="UTF-8"?>
<testng-results ignored="0" total="5" passed="5" failed="0" skipped="0">
  <reporter-output>
  </reporter-output>
  <suite started-at="2023-10-30T23:01:29 IST" name="Suite" finished-at="2023-10-30T23:03:07 IST" duration-ms="97497">
    <groups>
    </groups>
    <test started-at="2023-10-30T23:01:29 IST" name="chromeTest" finished-at="2023-10-30T23:03:07 IST" duration-ms="97497">
      <class name="fullcreative.HomePage">
        <test-method is-config="true" signature="setUp(java.lang.String)[pri:0, instance:fullcreative.HomePage@5b247367]" started-at="2023-10-30T23:01:29 IST" name="setUp" finished-at="2023-10-30T23:01:35 IST" duration-ms="5800" status="PASS">
          <params>
            <param index="0">
              <value>
                <![CDATA[chrome]]>
              </value>
            </param>
          </params>
          <reporter-output>
          </reporter-output>
        </test-method> <!-- setUp -->
        <test-method signature="storyTitle()[pri:1, instance:fullcreative.HomePage@5b247367]" started-at="2023-10-30T23:01:35 IST" name="storyTitle" finished-at="2023-10-30T23:01:40 IST" duration-ms="4462" status="PASS">
          <reporter-output>
          </reporter-output>
        </test-method> <!-- storyTitle -->
        <test-method signature="article()[pri:2, instance:fullcreative.HomePage@5b247367]" started-at="2023-10-30T23:01:40 IST" name="article" finished-at="2023-10-30T23:01:40 IST" duration-ms="173" status="PASS">
          <reporter-output>
          </reporter-output>
        </test-method> <!-- article -->
        <test-method signature="leaders()[pri:3, instance:fullcreative.HomePage@5b247367]" started-at="2023-10-30T23:01:40 IST" name="leaders" finished-at="2023-10-30T23:01:40 IST" duration-ms="121" status="PASS">
          <reporter-output>
          </reporter-output>
        </test-method> <!-- leaders -->
        <test-method is-config="true" signature="tearDown()[pri:0, instance:fullcreative.HomePage@5b247367]" started-at="2023-10-30T23:01:40 IST" name="tearDown" finished-at="2023-10-30T23:01:40 IST" duration-ms="297" status="PASS">
          <reporter-output>
          </reporter-output>
        </test-method> <!-- tearDown -->
      </class> <!-- fullcreative.HomePage -->
      <class name="fullcreative.JoinUsPage">
        <test-method is-config="true" signature="setUp(java.lang.String)[pri:0, instance:fullcreative.JoinUsPage@183ec003]" started-at="2023-10-30T23:02:44 IST" name="setUp" finished-at="2023-10-30T23:02:48 IST" duration-ms="4424" status="PASS">
          <params>
            <param index="0">
              <value>
                <![CDATA[chrome]]>
              </value>
            </param>
          </params>
          <reporter-output>
          </reporter-output>
        </test-method> <!-- setUp -->
        <test-method signature="searchJob()[pri:1, instance:fullcreative.JoinUsPage@183ec003]" started-at="2023-10-30T23:02:48 IST" name="searchJob" finished-at="2023-10-30T23:03:06 IST" duration-ms="18226" status="PASS">
          <reporter-output>
          </reporter-output>
        </test-method> <!-- searchJob -->
        <test-method is-config="true" signature="tearDown()[pri:0, instance:fullcreative.JoinUsPage@183ec003]" started-at="2023-10-30T23:03:06 IST" name="tearDown" finished-at="2023-10-30T23:03:07 IST" duration-ms="319" status="PASS">
          <reporter-output>
          </reporter-output>
        </test-method> <!-- tearDown -->
      </class> <!-- fullcreative.JoinUsPage -->
      <class name="fullcreative.ToolsPage">
        <test-method is-config="true" signature="setUp(java.lang.String)[pri:0, instance:fullcreative.ToolsPage@7c137fd5]" started-at="2023-10-30T23:01:40 IST" name="setUp" finished-at="2023-10-30T23:01:45 IST" duration-ms="4645" status="PASS">
          <params>
            <param index="0">
              <value>
                <![CDATA[chrome]]>
              </value>
            </param>
          </params>
          <reporter-output>
          </reporter-output>
        </test-method> <!-- setUp -->
        <test-method signature="toolsApp()[pri:1, instance:fullcreative.ToolsPage@7c137fd5]" started-at="2023-10-30T23:01:45 IST" name="toolsApp" finished-at="2023-10-30T23:02:43 IST" duration-ms="58051" status="PASS">
          <reporter-output>
          </reporter-output>
        </test-method> <!-- toolsApp -->
        <test-method is-config="true" signature="tearDown()[pri:0, instance:fullcreative.ToolsPage@7c137fd5]" started-at="2023-10-30T23:02:43 IST" name="tearDown" finished-at="2023-10-30T23:02:44 IST" duration-ms="696" status="PASS">
          <reporter-output>
          </reporter-output>
        </test-method> <!-- tearDown -->
      </class> <!-- fullcreative.ToolsPage -->
    </test> <!-- chromeTest -->
  </suite> <!-- Suite -->
</testng-results>
