<?xml version="1.0" encoding="UTF-8"?>
<testng-results ignored="0" total="5" passed="5" failed="0" skipped="0">
  <reporter-output>
  </reporter-output>
  <suite started-at="2023-10-30T22:54:01 IST" name="Suite" finished-at="2023-10-30T22:55:47 IST" duration-ms="105544">
    <groups>
    </groups>
    <test started-at="2023-10-30T22:54:01 IST" name="chromeTest" finished-at="2023-10-30T22:55:47 IST" duration-ms="105544">
      <class name="fullcreative.HomePage">
        <test-method is-config="true" signature="setUp(java.lang.String)[pri:0, instance:fullcreative.HomePage@5b247367]" started-at="2023-10-30T22:54:01 IST" name="setUp" finished-at="2023-10-30T22:54:11 IST" duration-ms="9771" status="PASS">
          <params>
            <param index="0">
              <value>
                <![CDATA[chrome]]>
              </value>
            </param>
          </params>
          <reporter-output>
          </reporter-output>
        </test-method> <!-- setUp -->
        <test-method signature="storyTitle()[pri:1, instance:fullcreative.HomePage@5b247367]" started-at="2023-10-30T22:54:11 IST" name="storyTitle" finished-at="2023-10-30T22:54:15 IST" duration-ms="3623" status="PASS">
          <reporter-output>
          </reporter-output>
        </test-method> <!-- storyTitle -->
        <test-method signature="article()[pri:2, instance:fullcreative.HomePage@5b247367]" started-at="2023-10-30T22:54:15 IST" name="article" finished-at="2023-10-30T22:54:15 IST" duration-ms="169" status="PASS">
          <reporter-output>
          </reporter-output>
        </test-method> <!-- article -->
        <test-method signature="leaders()[pri:3, instance:fullcreative.HomePage@5b247367]" started-at="2023-10-30T22:54:15 IST" name="leaders" finished-at="2023-10-30T22:54:15 IST" duration-ms="126" status="PASS">
          <reporter-output>
          </reporter-output>
        </test-method> <!-- leaders -->
        <test-method is-config="true" signature="tearDown()[pri:0, instance:fullcreative.HomePage@5b247367]" started-at="2023-10-30T22:54:15 IST" name="tearDown" finished-at="2023-10-30T22:54:15 IST" duration-ms="270" status="PASS">
          <reporter-output>
          </reporter-output>
        </test-method> <!-- tearDown -->
      </class> <!-- fullcreative.HomePage -->
      <class name="fullcreative.JoinUsPage">
        <test-method is-config="true" signature="setUp(java.lang.String)[pri:0, instance:fullcreative.JoinUsPage@183ec003]" started-at="2023-10-30T22:55:16 IST" name="setUp" finished-at="2023-10-30T22:55:20 IST" duration-ms="3915" status="PASS">
          <params>
            <param index="0">
              <value>
                <![CDATA[chrome]]>
              </value>
            </param>
          </params>
          <reporter-output>
          </reporter-output>
        </test-method> <!-- setUp -->
        <test-method signature="searchJob()[pri:1, instance:fullcreative.JoinUsPage@183ec003]" started-at="2023-10-30T22:55:20 IST" name="searchJob" finished-at="2023-10-30T22:55:46 IST" duration-ms="26671" status="PASS">
          <reporter-output>
          </reporter-output>
        </test-method> <!-- searchJob -->
        <test-method is-config="true" signature="tearDown()[pri:0, instance:fullcreative.JoinUsPage@183ec003]" started-at="2023-10-30T22:55:46 IST" name="tearDown" finished-at="2023-10-30T22:55:47 IST" duration-ms="318" status="PASS">
          <reporter-output>
          </reporter-output>
        </test-method> <!-- tearDown -->
      </class> <!-- fullcreative.JoinUsPage -->
      <class name="fullcreative.ToolsPage">
        <test-method is-config="true" signature="setUp(java.lang.String)[pri:0, instance:fullcreative.ToolsPage@7c137fd5]" started-at="2023-10-30T22:54:15 IST" name="setUp" finished-at="2023-10-30T22:54:21 IST" duration-ms="6080" status="PASS">
          <params>
            <param index="0">
              <value>
                <![CDATA[chrome]]>
              </value>
            </param>
          </params>
          <reporter-output>
          </reporter-output>
        </test-method> <!-- setUp -->
        <test-method signature="toolsApp()[pri:1, instance:fullcreative.ToolsPage@7c137fd5]" started-at="2023-10-30T22:54:21 IST" name="toolsApp" finished-at="2023-10-30T22:55:15 IST" duration-ms="53620" status="PASS">
          <reporter-output>
          </reporter-output>
        </test-method> <!-- toolsApp -->
        <test-method is-config="true" signature="tearDown()[pri:0, instance:fullcreative.ToolsPage@7c137fd5]" started-at="2023-10-30T22:55:15 IST" name="tearDown" finished-at="2023-10-30T22:55:16 IST" duration-ms="695" status="PASS">
          <reporter-output>
          </reporter-output>
        </test-method> <!-- tearDown -->
      </class> <!-- fullcreative.ToolsPage -->
    </test> <!-- chromeTest -->
  </suite> <!-- Suite -->
</testng-results>
